0 silly argv { _: [ 'version' ], lernaVersion: '5.0.0', '$0': 'lerna' }
1 notice cli v5.0.0
2 verbose rootPath /Users/yanghuimin/Desktop/snow-cli
3 info current version 0.0.0
4 silly isAnythingCommitted
5 verbose isAnythingCommitted 1
6 silly getCurrentBranch
7 verbose currentBranch main
8 silly remoteBranchExists
9 silly isBehindUpstream
10 error Error: Command failed with exit code 1: git remote update
10 error fatal: unable to access 'https://github.com/Sophil-minn/snow-cli.git/': LibreSSL SSL_connect: SSL_ERROR_SYSCALL in connection to github.com:443
10 error error: Could not fetch origin
10 error Fetching origin
10 error     at makeError (/usr/local/lib/node_modules/lerna/node_modules/_execa@5.1.1@execa/lib/error.js:60:11)
10 error     at Function.module.exports.sync (/usr/local/lib/node_modules/lerna/node_modules/_execa@5.1.1@execa/index.js:194:17)
10 error     at Object.execSync (/usr/local/lib/node_modules/lerna/node_modules/_@lerna_child-process@5.0.0@@lerna/child-process/index.js:39:16)
10 error     at updateRemote (/usr/local/lib/node_modules/lerna/node_modules/_@lerna_version@5.0.0@@lerna/version/lib/is-behind-upstream.js:34:16)
10 error     at isBehindUpstream (/usr/local/lib/node_modules/lerna/node_modules/_@lerna_version@5.0.0@@lerna/version/lib/is-behind-upstream.js:16:3)
10 error     at VersionCommand.initialize (/usr/local/lib/node_modules/lerna/node_modules/_@lerna_version@5.0.0@@lerna/version/index.js:153:9)
